<?xml version="1.0" encoding="UTF-8"?>
<!-- Generated by org.testng.reporters.JUnitReportReporter -->
<testsuite hostname="DESKTOP-HOF3APB" failures="0" tests="1" name="test.NewCustomerTest" time="69.426" errors="0" timestamp="2024-02-04T14:08:39 CST" skipped="0">
  <testcase classname="test.NewCustomerTest" name="userShouldBeAbleToAddNewCustomer" time="69.426"/>
</testsuite> <!-- test.NewCustomerTest -->
