<?xml version="1.0" encoding="UTF-8"?>
<!-- Generated by org.testng.reporters.JUnitReportReporter -->
<testsuite hostname="DESKTOP-HOF3APB" failures="0" tests="2" name="test.LoginTest" time="17.935" errors="0" timestamp="2024-02-04T12:22:20 CST" skipped="0">
  <testcase classname="test.LoginTest" name="validUserShouldBeAbleToLogin" time="14.567"/>
  <testcase classname="test.LoginTest" name="validateLoginPageErrorMsgs" time="3.368"/>
</testsuite> <!-- test.LoginTest -->
